Start time: 22:17:10 on Aug 01,2023
qverilog 1c.v 
-- Compiling module up_down_count
-- Compiling module up_down_count_tb

Top level modules:
	up_down_count_tb
# vsim -lib work work.up_down_count_tb -c -do "run -all; quit -f" -appendlog -l qverilog.log -vopt 
# ** Note: (vsim-3813) Design is being optimized due to module recompilation...
# //  Questa Sim
# //  Version 2022.1 linux Jan 29 2022
# //
# //  Copyright 1991-2022 Mentor Graphics Corporation
# //  All Rights Reserved.
# //
# //  QuestaSim and its associated documentation contain trade
# //  secrets and commercial or financial information that are the property of
# //  Mentor Graphics Corporation and are privileged, confidential,
# //  and exempt from disclosure under the Freedom of Information Act,
# //  5 U.S.C. Section 552. Furthermore, this information
# //  is prohibited from disclosure under the Trade Secrets Act,
# //  18 U.S.C. Section 1905.
# //
# Loading work.up_down_count_tb(fast)
# run -all
#                    0reset=x,count= x
#                    5reset=1,count= x
#                   10reset=1,count= 0
#                   15reset=0,count= 0
#                   20reset=0,count= 1
#                   30reset=0,count= 2
#                   40reset=0,count= 3
#                   50reset=0,count= 4
#                   60reset=0,count= 5
#                   70reset=0,count= 6
#                   80reset=0,count= 7
#                   90reset=0,count= 6
#                  100reset=0,count= 5
#                  110reset=0,count= 4
# in loop
#                  130reset=0,count= 3
#                  140reset=0,count= 2
#                  150reset=0,count= 1
#                  160reset=0,count= 0
#                  170reset=0,count=15
#                  180reset=0,count= 0
#                  190reset=0,count= 1
#                  200reset=0,count= 2
#                  210reset=0,count= 3
# ** Note: $finish    : 1c.v(68)
#    Time: 215 ns  Iteration: 0  Instance: /up_down_count_tb
# End time: 22:17:20 on Aug 01,2023, Elapsed time: 0:00:10
# Errors: 0, Warnings: 0
